c:\users\admin\documents\visual studio 2013\projects\taichigame\taichigame\debug\vc120.pdb
c:\users\admin\documents\visual studio 2013\projects\taichigame\taichigame\debug\taichigame.obj
c:\users\admin\documents\visual studio 2013\projects\taichigame\taichigame\debug\registerwidget.obj
c:\users\admin\documents\visual studio 2013\projects\taichigame\taichigame\debug\playbackrecordthread.obj
c:\users\admin\documents\visual studio 2013\projects\taichigame\taichigame\debug\main.obj
c:\users\admin\documents\visual studio 2013\projects\taichigame\taichigame\debug\labelwithborder.obj
c:\users\admin\documents\visual studio 2013\projects\taichigame\taichigame\debug\gesturedetection.obj
c:\users\admin\documents\visual studio 2013\projects\taichigame\taichigame\debug\moc_registerwidget.obj
c:\users\admin\documents\visual studio 2013\projects\taichigame\taichigame\debug\moc_playbackrecordthread.obj
c:\users\admin\documents\visual studio 2013\projects\taichigame\taichigame\debug\moc_labelwithborder.obj
c:\users\admin\documents\visual studio 2013\projects\taichigame\taichigame\debug\moc_evaluatethread.obj
c:\users\admin\documents\visual studio 2013\projects\taichigame\taichigame\debug\evaluatethread.obj
c:\users\admin\documents\visual studio 2013\projects\taichigame\taichigame\debug\database.obj
c:\users\admin\documents\visual studio 2013\projects\taichigame\taichigame\generatedfiles\ui_taichigame.h
c:\users\admin\documents\visual studio 2013\projects\taichigame\taichigame\generatedfiles\debug\moc_labelwithborder.cpp
c:\users\admin\documents\visual studio 2013\projects\taichigame\taichigame\generatedfiles\debug\moc_evaluatethread.cpp
c:\users\admin\documents\visual studio 2013\projects\taichigame\taichigame\generatedfiles\debug\moc_taichigame.cpp
c:\users\admin\documents\visual studio 2013\projects\taichigame\taichigame\generatedfiles\qrc_taichigame.cpp
c:\users\admin\documents\visual studio 2013\projects\taichigame\taichigame\generatedfiles\debug\moc_playbackrecordthread.cpp
c:\users\admin\documents\visual studio 2013\projects\taichigame\taichigame\generatedfiles\debug\moc_registerwidget.cpp
c:\users\admin\documents\visual studio 2013\projects\taichigame\taichigame\debug\taichigame.tlog\cl.command.1.tlog
c:\users\admin\documents\visual studio 2013\projects\taichigame\taichigame\debug\taichigame.tlog\cl.read.1.tlog
c:\users\admin\documents\visual studio 2013\projects\taichigame\taichigame\debug\taichigame.tlog\cl.write.1.tlog
c:\users\admin\documents\visual studio 2013\projects\taichigame\taichigame\debug\taichigame.tlog\custombuild.command.1.tlog
c:\users\admin\documents\visual studio 2013\projects\taichigame\taichigame\debug\taichigame.tlog\custombuild.read.1.tlog
c:\users\admin\documents\visual studio 2013\projects\taichigame\taichigame\debug\taichigame.tlog\custombuild.write.1.tlog
