生成启动时间为 2018/4/13 19:25:02。
     1>项目“C:\Users\admin\Documents\Visual Studio 2013\Projects\TaichiGame\TaichiGame\TaichiGame.vcxproj”在节点 2 上(Rebuild 个目标)。
     1>CustomBuild:
         Uic'ing taichigame.ui...
         Moc'ing labelwithborder.h...
         Moc'ing evaluatethread.h...
         Moc'ing taichigame.h...
         Rcc'ing taichigame.qrc...
         Moc'ing playbackrecordthread.h...
         Moc'ing registerwidget.h...
     1>C:\Program Files (x86)\MSBuild\Microsoft.Cpp\v4.0\V120\Microsoft.CppBuild.targets(942,5): warning MSB8027: Two or more files with the name of moc_evaluatethread.cpp will produce outputs to the same location. This can lead to an incorrect build result.  The files involved are GeneratedFiles\Debug\moc_evaluatethread.cpp, GeneratedFiles\Release\moc_evaluatethread.cpp.
     1>C:\Program Files (x86)\MSBuild\Microsoft.Cpp\v4.0\V120\Microsoft.CppBuild.targets(942,5): warning MSB8027: Two or more files with the name of moc_labelwithborder.cpp will produce outputs to the same location. This can lead to an incorrect build result.  The files involved are GeneratedFiles\Debug\moc_labelwithborder.cpp, GeneratedFiles\Release\moc_labelwithborder.cpp.
       ClCompile:
         C:\Program Files (x86)\Microsoft Visual Studio 12.0\VC\bin\CL.exe /c /I.\GeneratedFiles /I. /IC:\Qt\Qt5.6.2\5.6\msvc2013\include /I.\GeneratedFiles\Debug /IC:\Qt\Qt5.6.2\5.6\msvc2013\include\QtCore /IC:\Qt\Qt5.6.2\5.6\msvc2013\include\QtGui /IC:\Qt\Qt5.6.2\5.6\msvc2013\include\QtWidgets /IC:\Qt\Qt5.6.2\5.6\msvc2013\include\QtMultimedia /IC:\Qt\Qt5.6.2\5.6\msvc2013\include\QtMultimediaWidgets /IC:\Qt\Qt5.6.2\5.6\msvc2013\include\QtSql /Zi /nologo /W1 /WX- /Od /Oy- /D UNICODE /D WIN32 /D WIN64 /D QT_DLL /D QT_CORE_LIB /D QT_GUI_LIB /D QT_WIDGETS_LIB /D QT_MULTIMEDIA_LIB /D QT_MULTIMEDIAWIDGETS_LIB /D _X86_ /Gm- /EHsc /MDd /GS /fp:precise /Zc:wchar_t /Zc:forScope /Fo"Debug\\" /Fd"Debug\vc120.pdb" /Gd /TP /analyze- /errorReport:prompt database.cpp evaluatethread.cpp GeneratedFiles\Debug\moc_evaluatethread.cpp GeneratedFiles\Debug\moc_labelwithborder.cpp GeneratedFiles\Debug\moc_playbackrecordthread.cpp GeneratedFiles\Debug\moc_registerwidget.cpp GeneratedFiles\Release\moc_evaluatethread.cpp GeneratedFiles\Release\moc_labelwithborder.cpp GeneratedFiles\Release\moc_taichigame.cpp gesturedetection.cpp labelwithborder.cpp main.cpp playbackrecordthread.cpp registerwidget.cpp taichigame.cpp
         database.cpp
         evaluatethread.cpp
         moc_evaluatethread.cpp
         moc_labelwithborder.cpp
         moc_playbackrecordthread.cpp
         moc_registerwidget.cpp
         moc_evaluatethread.cpp
     1>c1xx : fatal error C1083: 无法打开源文件: “GeneratedFiles\Release\moc_evaluatethread.cpp”: No such file or directory
         moc_labelwithborder.cpp
     1>c1xx : fatal error C1083: 无法打开源文件: “GeneratedFiles\Release\moc_labelwithborder.cpp”: No such file or directory
         moc_taichigame.cpp
     1>c1xx : fatal error C1083: 无法打开源文件: “GeneratedFiles\Release\moc_taichigame.cpp”: No such file or directory
         gesturedetection.cpp
         labelwithborder.cpp
         main.cpp
         playbackrecordthread.cpp
         registerwidget.cpp
         taichigame.cpp
         正在生成代码...
     1>已完成生成项目“C:\Users\admin\Documents\Visual Studio 2013\Projects\TaichiGame\TaichiGame\TaichiGame.vcxproj”(Rebuild 个目标)的操作 - 失败。

生成失败。

已用时间 00:00:11.12
