c:\users\admin\documents\visual studio 2013\projects\taichigame\taichigame\x64\debug\vc120.pdb
c:\users\admin\documents\visual studio 2013\projects\taichigame\taichigame\x64\debug\taichigame.obj
c:\users\admin\documents\visual studio 2013\projects\taichigame\taichigame\x64\debug\main.obj
c:\users\admin\documents\visual studio 2013\projects\taichigame\taichigame\x64\debug\gesturedetection.obj
c:\users\admin\documents\visual studio 2013\projects\taichigame\taichigame\x64\debug\moc_taichigame.obj
c:\users\admin\documents\visual studio 2013\projects\taichigame\taichigame\x64\debug\qrc_taichigame.obj
c:\users\admin\documents\visual studio 2013\projects\taichigame\taichigame\generatedfiles\ui_taichigame.h
c:\users\admin\documents\visual studio 2013\projects\taichigame\taichigame\generatedfiles\qrc_taichigame.cpp
c:\users\admin\documents\visual studio 2013\projects\taichigame\taichigame\generatedfiles\debug\moc_taichigame.cpp
c:\users\admin\documents\visual studio 2013\projects\taichigame\x64\debug\taichigame.ilk
c:\users\admin\documents\visual studio 2013\projects\taichigame\x64\debug\taichigame.exe
c:\users\admin\documents\visual studio 2013\projects\taichigame\x64\debug\taichigame.pdb
e:\太极项目\taichigame\taichigame\x64\debug\gesturedetection.obj
e:\太极项目\taichigame\taichigame\x64\debug\main.obj
e:\太极项目\taichigame\taichigame\x64\debug\moc_taichigame.obj
e:\太极项目\taichigame\taichigame\x64\debug\qrc_taichigame.obj
e:\太极项目\taichigame\taichigame\x64\debug\taichigame.obj
e:\太极项目\taichigame\taichigame\x64\debug\vc120.pdb
e:\太极项目\taichigame\taichigame\x64\debug\taichigame.tlog\cl.command.1.tlog
e:\太极项目\taichigame\taichigame\x64\debug\taichigame.tlog\cl.read.1.tlog
e:\太极项目\taichigame\taichigame\x64\debug\taichigame.tlog\cl.write.1.tlog
e:\太极项目\taichigame\taichigame\x64\debug\taichigame.tlog\custombuild.command.1.tlog
e:\太极项目\taichigame\taichigame\x64\debug\taichigame.tlog\custombuild.read.1.tlog
e:\太极项目\taichigame\taichigame\x64\debug\taichigame.tlog\custombuild.write.1.tlog
e:\太极项目\taichigame\taichigame\x64\debug\taichigame.tlog\link.command.1.tlog
e:\太极项目\taichigame\taichigame\x64\debug\taichigame.tlog\link.read.1.tlog
e:\太极项目\taichigame\taichigame\x64\debug\taichigame.tlog\link.write.1.tlog
