c:\users\admin\documents\visual studio 2013\projects\taichigame\taichigame\release\taichigame.obj
c:\users\admin\documents\visual studio 2013\projects\taichigame\taichigame\release\registerwidget.obj
c:\users\admin\documents\visual studio 2013\projects\taichigame\taichigame\release\playbackrecordthread.obj
c:\users\admin\documents\visual studio 2013\projects\taichigame\taichigame\release\main.obj
c:\users\admin\documents\visual studio 2013\projects\taichigame\taichigame\release\labelwithborder.obj
c:\users\admin\documents\visual studio 2013\projects\taichigame\taichigame\release\gesturedetection.obj
c:\users\admin\documents\visual studio 2013\projects\taichigame\taichigame\release\moc_taichigame.obj
c:\users\admin\documents\visual studio 2013\projects\taichigame\taichigame\release\moc_registerwidget.obj
c:\users\admin\documents\visual studio 2013\projects\taichigame\taichigame\release\moc_playbackrecordthread.obj
c:\users\admin\documents\visual studio 2013\projects\taichigame\taichigame\release\moc_labelwithborder.obj
c:\users\admin\documents\visual studio 2013\projects\taichigame\taichigame\release\moc_evaluatethread.obj
c:\users\admin\documents\visual studio 2013\projects\taichigame\taichigame\release\evaluatethread.obj
c:\users\admin\documents\visual studio 2013\projects\taichigame\taichigame\release\database.obj
c:\users\admin\documents\visual studio 2013\projects\taichigame\taichigame\release\qrc_taichigame.obj
c:\users\admin\documents\visual studio 2013\projects\taichigame\taichigame\generatedfiles\ui_taichigame.h
c:\users\admin\documents\visual studio 2013\projects\taichigame\taichigame\generatedfiles\release\moc_labelwithborder.cpp
c:\users\admin\documents\visual studio 2013\projects\taichigame\taichigame\generatedfiles\release\moc_evaluatethread.cpp
c:\users\admin\documents\visual studio 2013\projects\taichigame\taichigame\generatedfiles\release\moc_taichigame.cpp
c:\users\admin\documents\visual studio 2013\projects\taichigame\taichigame\generatedfiles\qrc_taichigame.cpp
c:\users\admin\documents\visual studio 2013\projects\taichigame\taichigame\generatedfiles\release\moc_playbackrecordthread.cpp
c:\users\admin\documents\visual studio 2013\projects\taichigame\taichigame\generatedfiles\release\moc_registerwidget.cpp
c:\users\admin\documents\visual studio 2013\projects\taichigame\win32\release\taichigame.exe
c:\users\admin\documents\visual studio 2013\projects\taichigame\taichigame\release\taichigame.res
c:\users\admin\documents\visual studio 2013\projects\taichigame\taichigame\release\taichigame.tlog\cl.command.1.tlog
c:\users\admin\documents\visual studio 2013\projects\taichigame\taichigame\release\taichigame.tlog\cl.read.1.tlog
c:\users\admin\documents\visual studio 2013\projects\taichigame\taichigame\release\taichigame.tlog\cl.write.1.tlog
c:\users\admin\documents\visual studio 2013\projects\taichigame\taichigame\release\taichigame.tlog\custombuild.command.1.tlog
c:\users\admin\documents\visual studio 2013\projects\taichigame\taichigame\release\taichigame.tlog\custombuild.read.1.tlog
c:\users\admin\documents\visual studio 2013\projects\taichigame\taichigame\release\taichigame.tlog\custombuild.write.1.tlog
c:\users\admin\documents\visual studio 2013\projects\taichigame\taichigame\release\taichigame.tlog\link.command.1.tlog
c:\users\admin\documents\visual studio 2013\projects\taichigame\taichigame\release\taichigame.tlog\link.read.1.tlog
c:\users\admin\documents\visual studio 2013\projects\taichigame\taichigame\release\taichigame.tlog\link.write.1.tlog
c:\users\admin\documents\visual studio 2013\projects\taichigame\taichigame\release\taichigame.tlog\rc.command.1.tlog
c:\users\admin\documents\visual studio 2013\projects\taichigame\taichigame\release\taichigame.tlog\rc.read.1.tlog
c:\users\admin\documents\visual studio 2013\projects\taichigame\taichigame\release\taichigame.tlog\rc.write.1.tlog
